Build started 12/20/2015 9:16:32 PM.
     1>Project "C:\src\Element\OpenCVCameraCalibrationSample\OpenCVCameraCalibrationSample.vcxproj" on node 2 (Build target(s)).
     1>ClCompile:
         C:\Program Files (x86)\Microsoft Visual Studio 12.0\VC\bin\CL.exe /c /I"C:\Boost\compute-master\include" /I"C:\Program Files (x86)\Intel\OpenCL SDK\5.3\include\\" /IC:\Boost\boost_1_55_0 /I"C:\OpenCV 2.4.11\opencv\build\include" /I"C:\Program Files\JAI\SDK\library\CPP\include" /ZI /nologo /W3 /WX- /Od /Oy- /D WIN32 /D _WINDOWS /D _DEBUG /D _UNICODE /D UNICODE /Gm /EHsc /RTC1 /MD /GS /fp:precise /Zc:wchar_t /Zc:forScope /Yu"stdafx.h" /Fp"Debug\OpenCVCameraCalibrationSample.pch" /Fo"Debug\\" /Fd"Debug\vc120.pdb" /Gd /TP /analyze- /errorReport:prompt ocltest.cpp
         ocltest.cpp
     1>c:\program files (x86)\intel\opencl sdk\5.3\include\cl\cl.hpp(4650): warning C4996: 'clCreateSampler': was declared deprecated
                 c:\program files (x86)\intel\opencl sdk\5.3\include\cl\cl.h(1430) : see declaration of 'clCreateSampler'
     1>c:\program files (x86)\intel\opencl sdk\5.3\include\cl\cl.hpp(5506): warning C4996: 'clCreateCommandQueue': was declared deprecated
                 c:\program files (x86)\intel\opencl sdk\5.3\include\cl\cl.h(1423) : see declaration of 'clCreateCommandQueue'
     1>c:\program files (x86)\intel\opencl sdk\5.3\include\cl\cl.hpp(5536): warning C4996: 'clCreateCommandQueue': was declared deprecated
                 c:\program files (x86)\intel\opencl sdk\5.3\include\cl\cl.h(1423) : see declaration of 'clCreateCommandQueue'
     1>c:\program files (x86)\intel\opencl sdk\5.3\include\cl\cl.hpp(5554): warning C4996: 'clCreateCommandQueue': was declared deprecated
                 c:\program files (x86)\intel\opencl sdk\5.3\include\cl\cl.h(1423) : see declaration of 'clCreateCommandQueue'
     1>c:\program files (x86)\intel\opencl sdk\5.3\include\cl\cl.hpp(6362): warning C4996: 'clEnqueueTask': was declared deprecated
                 c:\program files (x86)\intel\opencl sdk\5.3\include\cl\cl.h(1437) : see declaration of 'clEnqueueTask'
     1>c:\src\element\opencvcameracalibrationsample\ocltest.cpp(126): warning C4244: 'initializing' : conversion from 'clock_t' to 'float', possible loss of data
     1>c:\src\element\opencvcameracalibrationsample\ocltest.cpp(132): warning C4244: 'initializing' : conversion from 'clock_t' to 'float', possible loss of data
       Link:
         C:\Program Files (x86)\Microsoft Visual Studio 12.0\VC\bin\link.exe /ERRORREPORT:PROMPT /OUT:"C:\src\Element\Debug\OpenCVCameraCalibrationSample.exe" /INCREMENTAL /NOLOGO /LIBPATH:"C:\Program Files (x86)\Intel\OpenCL SDK\5.3\lib\x86\\" /LIBPATH:C:\Boost\boost_1_55_0 /LIBPATH:"C:\OpenCV 2.4.11\opencv\build\x86\vc12\lib" /LIBPATH:"C:\Program Files\JAI\SDK\library\CPP\lib\Win32_i86" Jai_Factory.lib OpenCL.lib opencv_calib3d2411d.lib opencv_contrib2411d.lib opencv_core2411d.lib opencv_features2d2411d.lib opencv_flann2411d.lib opencv_gpu2411d.lib opencv_highgui2411d.lib opencv_imgproc2411d.lib opencv_legacy2411d.lib opencv_ml2411d.lib opencv_nonfree2411d.lib opencv_objdetect2411d.lib opencv_ocl2411d.lib opencv_photo2411d.lib opencv_stitching2411d.lib opencv_superres2411d.lib opencv_ts2411d.lib opencv_video2411d.lib opencv_videostab2411d.lib /MANIFEST /MANIFESTUAC:"level='asInvoker' uiAccess='false'" /manifest:embed /manifestinput:"C:\Program Files (x86)\Microsoft Visual Studio 12.0\VC\Include\Manifest\dpiaware.manifest" /DEBUG /PDB:"C:\src\Element\Debug\OpenCVCameraCalibrationSample.pdb" /SUBSYSTEM:WINDOWS /TLBID:1 /ENTRY:"wWinMainCRTStartup" /DYNAMICBASE:NO /IMPLIB:"C:\src\Element\Debug\OpenCVCameraCalibrationSample.lib" /MACHINE:X86 /SAFESEH Debug\OpenCVCameraCalibrationSample.res
         Debug\Element.obj
         Debug\file_calibration.obj
         Debug\ocltest.obj
         Debug\OpenCVCameraCalibrationSample.obj
         Debug\OpenCVCameraCalibrationSampleDlg.obj
         Debug\stdafx.obj
     1>Element.obj : warning LNK4075: ignoring '/EDITANDCONTINUE' due to '/SAFESEH' specification
     1>LINK : warning LNK4098: defaultlib 'MSVCRT' conflicts with use of other libs; use /NODEFAULTLIB:library
         OpenCVCameraCalibrationSample.vcxproj -> C:\src\Element\Debug\OpenCVCameraCalibrationSample.exe
     1>Done Building Project "C:\src\Element\OpenCVCameraCalibrationSample\OpenCVCameraCalibrationSample.vcxproj" (Build target(s)).

Build succeeded.

Time Elapsed 00:00:08.92
