c:\program files\jai\sdk\sample\cpp\opencvcameracalibrationsample - vs2013\opencvcameracalibrationsample\x64\debug\opencvcameracalibrationsample.pch
c:\program files\jai\sdk\sample\cpp\opencvcameracalibrationsample - vs2013\opencvcameracalibrationsample\x64\debug\vc120.pdb
c:\program files\jai\sdk\sample\cpp\opencvcameracalibrationsample - vs2013\opencvcameracalibrationsample\x64\debug\vc120.idb
c:\program files\jai\sdk\sample\cpp\opencvcameracalibrationsample - vs2013\opencvcameracalibrationsample\x64\debug\stdafx.obj
c:\program files\jai\sdk\sample\cpp\opencvcameracalibrationsample - vs2013\opencvcameracalibrationsample\x64\debug\file_calibration.obj
c:\program files\jai\sdk\sample\cpp\opencvcameracalibrationsample - vs2013\opencvcameracalibrationsample\x64\debug\opencvcameracalibrationsample.obj
c:\program files\jai\sdk\sample\cpp\opencvcameracalibrationsample - vs2013\opencvcameracalibrationsample\x64\debug\opencvcameracalibrationsampledlg.obj
c:\program files\jai\sdk\sample\cpp\opencvcameracalibrationsample - vs2013\opencvcameracalibrationsample\x64\debug\element.obj
c:\program files\jai\sdk\sample\cpp\opencvcameracalibrationsample - vs2013\x64\debug\opencvcameracalibrationsample.ilk
c:\program files\jai\sdk\sample\cpp\opencvcameracalibrationsample - vs2013\x64\debug\opencvcameracalibrationsample.exe
c:\program files\jai\sdk\sample\cpp\opencvcameracalibrationsample - vs2013\x64\debug\opencvcameracalibrationsample.pdb
c:\program files\jai\sdk\sample\cpp\opencvcameracalibrationsample - vs2013\opencvcameracalibrationsample\x64\debug\opencvcameracalibrationsample.res
c:\program files\jai\sdk\sample\cpp\opencvcameracalibrationsample - vs2013\opencvcameracalibrationsample\x64\debug\opencvca.12ccff0d.tlog\cl.command.1.tlog
c:\program files\jai\sdk\sample\cpp\opencvcameracalibrationsample - vs2013\opencvcameracalibrationsample\x64\debug\opencvca.12ccff0d.tlog\cl.read.1.tlog
c:\program files\jai\sdk\sample\cpp\opencvcameracalibrationsample - vs2013\opencvcameracalibrationsample\x64\debug\opencvca.12ccff0d.tlog\cl.write.1.tlog
c:\program files\jai\sdk\sample\cpp\opencvcameracalibrationsample - vs2013\opencvcameracalibrationsample\x64\debug\opencvca.12ccff0d.tlog\link.command.1.tlog
c:\program files\jai\sdk\sample\cpp\opencvcameracalibrationsample - vs2013\opencvcameracalibrationsample\x64\debug\opencvca.12ccff0d.tlog\link.read.1.tlog
c:\program files\jai\sdk\sample\cpp\opencvcameracalibrationsample - vs2013\opencvcameracalibrationsample\x64\debug\opencvca.12ccff0d.tlog\link.write.1.tlog
c:\program files\jai\sdk\sample\cpp\opencvcameracalibrationsample - vs2013\opencvcameracalibrationsample\x64\debug\opencvca.12ccff0d.tlog\rc.command.1.tlog
c:\program files\jai\sdk\sample\cpp\opencvcameracalibrationsample - vs2013\opencvcameracalibrationsample\x64\debug\opencvca.12ccff0d.tlog\rc.read.1.tlog
c:\program files\jai\sdk\sample\cpp\opencvcameracalibrationsample - vs2013\opencvcameracalibrationsample\x64\debug\opencvca.12ccff0d.tlog\rc.write.1.tlog
